[2021-05-19T14:13:16.576] [DEBUG] cheese - login => username:admin,password:123456
[2021-05-19T14:13:16.594] [DEBUG] cheese - admin
[2021-05-19T14:13:16.780] [DEBUG] cheese - null
[2021-05-19T14:13:16.782] [DEBUG] cheese - null
[2021-05-19T20:28:17.796] [DEBUG] cheese - login => username:zs1,password:123111
[2021-05-19T20:28:17.807] [DEBUG] cheese - zs1
[2021-05-19T20:28:17.910] [DEBUG] cheese - null
[2021-05-19T20:28:17.910] [DEBUG] cheese - null
[2021-05-19T20:32:26.453] [DEBUG] cheese - login => username:zs12,password:1231212
[2021-05-19T20:32:26.454] [DEBUG] cheese - zs12
[2021-05-19T20:32:26.462] [DEBUG] cheese - null
[2021-05-19T20:32:26.463] [DEBUG] cheese - null
[2021-05-19T20:32:40.878] [DEBUG] cheese - login => username:zss,password:123sss
[2021-05-19T20:32:40.878] [DEBUG] cheese - zss
[2021-05-19T20:32:40.883] [DEBUG] cheese - null
[2021-05-19T20:32:40.883] [DEBUG] cheese - null
[2021-05-19T20:32:46.999] [DEBUG] cheese - login => username:admin,password:123sss
[2021-05-19T20:32:46.999] [DEBUG] cheese - admin
[2021-05-19T20:32:47.008] [DEBUG] cheese - null
[2021-05-19T20:32:47.008] [DEBUG] cheese - null
[2021-05-19T20:32:55.090] [DEBUG] cheese - login => username:admin,password:123456
[2021-05-19T20:32:55.090] [DEBUG] cheese - admin
[2021-05-19T20:32:55.092] [DEBUG] cheese - null
[2021-05-19T20:32:55.092] [DEBUG] cheese - null
[2021-05-19T20:33:24.489] [DEBUG] cheese - login => username:zsaa,password:aaaaaaa
[2021-05-19T20:33:24.489] [DEBUG] cheese - zsaa
[2021-05-19T20:33:24.491] [DEBUG] cheese - null
[2021-05-19T20:33:24.491] [DEBUG] cheese - null
[2021-05-19T20:41:58.597] [DEBUG] cheese - login => username:zs111,password:123111
[2021-05-19T20:41:58.597] [DEBUG] cheese - zs111
[2021-05-19T20:41:58.612] [DEBUG] cheese - null
[2021-05-19T20:41:58.612] [DEBUG] cheese - null
[2021-05-19T20:42:10.406] [DEBUG] cheese - login => username:admin,password:123456
[2021-05-19T20:42:10.406] [DEBUG] cheese - admin
[2021-05-19T20:42:10.409] [DEBUG] cheese - null
[2021-05-19T20:42:10.409] [DEBUG] cheese - null
[2021-05-19T20:57:34.989] [DEBUG] cheese - login => username:admin,password:123456
[2021-05-19T20:57:34.989] [DEBUG] cheese - admin
[2021-05-19T20:57:34.999] [DEBUG] cheese - null
[2021-05-19T20:57:34.999] [DEBUG] cheese - null
[2021-05-19T21:14:37.044] [DEBUG] cheese - login => username:admin,password:123456
[2021-05-19T21:14:37.046] [DEBUG] cheese - admin
[2021-05-19T21:14:37.113] [DEBUG] cheese - null
[2021-05-19T21:14:37.113] [DEBUG] cheese - null
[2021-05-19T22:03:57.836] [DEBUG] cheese - login => username:admin,password:123456
[2021-05-19T22:03:57.845] [DEBUG] cheese - admin
[2021-05-19T22:03:57.967] [DEBUG] cheese - null
[2021-05-19T22:03:57.967] [DEBUG] cheese - null
[2021-05-19T23:11:15.234] [DEBUG] cheese - login => username:admin,password:123456
[2021-05-19T23:11:15.245] [DEBUG] cheese - admin
[2021-05-19T23:11:15.325] [DEBUG] cheese - null
[2021-05-19T23:11:15.326] [DEBUG] cheese - null
[2021-05-19T23:15:32.995] [DEBUG] cheese - login => username:admin,password:123456
[2021-05-19T23:15:32.995] [DEBUG] cheese - admin
[2021-05-19T23:15:33.027] [DEBUG] cheese - null
[2021-05-19T23:15:33.027] [DEBUG] cheese - null
[2021-05-19T23:15:55.810] [DEBUG] cheese - login => username:admin,password:123456
[2021-05-19T23:15:55.810] [DEBUG] cheese - admin
[2021-05-19T23:15:55.814] [DEBUG] cheese - null
[2021-05-19T23:15:55.814] [DEBUG] cheese - null
[2021-05-20T09:55:55.443] [DEBUG] cheese - login => username:admin,password:123456
[2021-05-20T09:55:55.445] [DEBUG] cheese - admin
[2021-05-20T09:55:55.493] [DEBUG] cheese - null
[2021-05-20T09:55:55.494] [DEBUG] cheese - null
[2021-05-20T10:40:13.645] [DEBUG] cheese - login => username:admin,password:123456
[2021-05-20T10:40:13.646] [DEBUG] cheese - admin
[2021-05-20T10:40:13.654] [DEBUG] cheese - null
[2021-05-20T10:40:13.654] [DEBUG] cheese - null
[2021-05-20T10:44:59.100] [DEBUG] cheese - login => username:admin,password:123456
[2021-05-20T10:44:59.100] [DEBUG] cheese - admin
[2021-05-20T10:44:59.104] [DEBUG] cheese - null
[2021-05-20T10:44:59.105] [DEBUG] cheese - null
[2021-05-20T10:52:56.634] [DEBUG] cheese - login => username:admin,password:123456
[2021-05-20T10:52:56.635] [DEBUG] cheese - admin
[2021-05-20T10:52:56.641] [DEBUG] cheese - null
[2021-05-20T10:52:56.642] [DEBUG] cheese - null
[2021-05-20T11:09:22.052] [DEBUG] cheese - login => username:admin,password:123456
[2021-05-20T11:09:22.052] [DEBUG] cheese - admin
[2021-05-20T11:09:22.057] [DEBUG] cheese - null
[2021-05-20T11:09:22.057] [DEBUG] cheese - null
[2021-05-20T11:11:00.897] [DEBUG] cheese - login => username:admin,password:123456
[2021-05-20T11:11:00.897] [DEBUG] cheese - admin
[2021-05-20T11:11:00.900] [DEBUG] cheese - null
[2021-05-20T11:11:00.901] [DEBUG] cheese - null
[2021-05-20T21:29:16.508] [DEBUG] cheese - login => username:admin,password:123456
[2021-05-20T21:29:16.516] [DEBUG] cheese - admin
[2021-05-20T21:29:16.526] [DEBUG] cheese - null
[2021-05-20T21:29:16.527] [DEBUG] cheese - null
[2021-05-20T22:03:19.907] [DEBUG] cheese - login => username:admin,password:123456
[2021-05-20T22:03:19.908] [DEBUG] cheese - admin
[2021-05-20T22:03:19.921] [DEBUG] cheese - null
[2021-05-20T22:03:19.921] [DEBUG] cheese - null
[2021-05-20T22:03:31.984] [DEBUG] cheese - login => username:admin,password:123456
[2021-05-20T22:03:31.984] [DEBUG] cheese - admin
[2021-05-20T22:03:31.987] [DEBUG] cheese - null
[2021-05-20T22:03:31.987] [DEBUG] cheese - null
[2021-05-20T22:04:06.086] [DEBUG] cheese - login => username:admin,password:123456
[2021-05-20T22:04:06.086] [DEBUG] cheese - admin
[2021-05-20T22:04:06.091] [DEBUG] cheese - null
[2021-05-20T22:04:06.092] [DEBUG] cheese - null
[2021-05-20T22:09:25.019] [DEBUG] cheese - login => username:admin,password:123456
[2021-05-20T22:09:25.020] [DEBUG] cheese - admin
[2021-05-20T22:09:25.024] [DEBUG] cheese - null
[2021-05-20T22:09:25.024] [DEBUG] cheese - null
[2021-05-20T22:56:08.960] [DEBUG] cheese - login => username:admin,password:123456
[2021-05-20T22:56:08.972] [DEBUG] cheese - admin
[2021-05-20T22:56:08.992] [DEBUG] cheese - null
[2021-05-20T22:56:08.993] [DEBUG] cheese - null
[2021-05-24T09:10:50.019] [DEBUG] cheese - login => username:admin,password:123456
[2021-05-24T09:10:50.021] [DEBUG] cheese - admin
[2021-05-24T09:10:50.080] [DEBUG] cheese - null
[2021-05-24T09:10:50.081] [DEBUG] cheese - null
[2021-05-24T10:17:10.896] [DEBUG] cheese - null
[2021-05-24T10:17:18.726] [DEBUG] cheese - null
[2021-05-24T10:17:57.365] [DEBUG] cheese - null
[2021-05-24T10:18:07.525] [DEBUG] cheese - null
[2021-05-24T10:19:37.495] [DEBUG] cheese - null
[2021-05-24T10:19:42.558] [DEBUG] cheese - null
[2021-05-24T20:14:17.299] [DEBUG] cheese - login => username:admin,password:123456
[2021-05-24T20:14:17.305] [DEBUG] cheese - admin
[2021-05-24T20:14:17.332] [DEBUG] cheese - null
[2021-05-24T20:14:17.332] [DEBUG] cheese - null
[2021-05-24T20:15:56.704] [DEBUG] cheese - login => username:admin,password:123456
[2021-05-24T20:15:56.704] [DEBUG] cheese - admin
[2021-05-24T20:15:56.706] [DEBUG] cheese - null
[2021-05-24T20:15:56.706] [DEBUG] cheese - null
[2021-05-24T20:18:53.935] [DEBUG] cheese - login => username:admin,password:123456
[2021-05-24T20:18:53.935] [DEBUG] cheese - admin
[2021-05-24T20:18:53.943] [DEBUG] cheese - null
[2021-05-24T20:18:53.943] [DEBUG] cheese - null
[2021-05-24T20:19:57.616] [DEBUG] cheese - login => username:admin,password:123456
[2021-05-24T20:19:57.616] [DEBUG] cheese - admin
[2021-05-24T20:19:57.618] [DEBUG] cheese - null
[2021-05-24T20:19:57.618] [DEBUG] cheese - null
[2021-05-24T20:26:59.479] [DEBUG] cheese - login => username:admin,password:123456
[2021-05-24T20:26:59.480] [DEBUG] cheese - admin
[2021-05-24T20:26:59.489] [DEBUG] cheese - null
[2021-05-24T20:26:59.489] [DEBUG] cheese - null
[2021-05-24T23:02:46.956] [DEBUG] cheese - login => username:admin,password:123456
[2021-05-24T23:02:46.982] [DEBUG] cheese - admin
[2021-05-24T23:02:47.009] [DEBUG] cheese - null
[2021-05-24T23:02:47.011] [DEBUG] cheese - null
[2021-05-24T23:03:04.523] [DEBUG] cheese - login => username:admi,password:123456
[2021-05-24T23:03:04.524] [DEBUG] cheese - admi
[2021-05-24T23:03:04.541] [DEBUG] cheese - null
[2021-05-24T23:03:04.542] [DEBUG] cheese - null
[2021-05-24T23:03:09.387] [DEBUG] cheese - login => username:admin,password:123456
[2021-05-24T23:03:09.388] [DEBUG] cheese - admin
[2021-05-24T23:03:09.430] [DEBUG] cheese - null
[2021-05-24T23:03:09.430] [DEBUG] cheese - null
[2021-05-25T00:02:34.166] [DEBUG] cheese - login => username:admin,password:123456
[2021-05-25T00:02:34.180] [DEBUG] cheese - admin
[2021-05-25T00:02:34.209] [DEBUG] cheese - null
[2021-05-25T00:02:34.211] [DEBUG] cheese - null
[2021-05-25T12:43:39.359] [DEBUG] cheese - login => username:admin,password:123456
[2021-05-25T12:43:39.361] [DEBUG] cheese - admin
[2021-05-25T12:43:39.408] [DEBUG] cheese - null
[2021-05-25T12:43:39.409] [DEBUG] cheese - null
[2021-05-25T13:22:26.073] [DEBUG] cheese - login => username:admin,password:123456
[2021-05-25T13:22:26.076] [DEBUG] cheese - admin
[2021-05-25T13:22:26.086] [DEBUG] cheese - null
[2021-05-25T13:22:26.087] [DEBUG] cheese - null
[2021-05-27T11:12:36.495] [DEBUG] cheese - login => username:admin,password:123456
[2021-05-27T11:12:36.497] [DEBUG] cheese - admin
[2021-05-27T11:12:36.553] [DEBUG] cheese - null
[2021-05-27T11:12:36.554] [DEBUG] cheese - null
[2021-05-28T10:07:02.578] [DEBUG] cheese - login => username:admin,password:123456
[2021-05-28T10:07:02.581] [DEBUG] cheese - admin
[2021-05-28T10:07:02.661] [DEBUG] cheese - null
[2021-05-28T10:07:02.662] [DEBUG] cheese - null
[2021-05-28T11:33:48.883] [DEBUG] cheese - null
[2021-05-28T11:35:36.797] [DEBUG] cheese - null
[2021-05-28T11:36:28.443] [DEBUG] cheese - null
[2021-05-28T11:40:49.577] [DEBUG] cheese - login => username:admin,password:123456
[2021-05-28T11:40:49.577] [DEBUG] cheese - admin
[2021-05-28T11:40:49.598] [DEBUG] cheese - null
[2021-05-28T11:40:49.598] [DEBUG] cheese - null
[2021-05-28T11:41:31.758] [DEBUG] cheese - null
[2021-05-28T20:48:47.106] [DEBUG] cheese - login => username:admin,password:123456
[2021-05-28T20:48:47.109] [DEBUG] cheese - admin
[2021-05-28T20:48:47.169] [DEBUG] cheese - null
[2021-05-28T20:48:47.170] [DEBUG] cheese - null
[2021-05-28T21:06:34.009] [DEBUG] cheese - login => username:admin,password:123456
[2021-05-28T21:06:34.013] [DEBUG] cheese - admin
[2021-05-28T21:06:34.096] [DEBUG] cheese - null
[2021-05-28T21:06:34.096] [DEBUG] cheese - null
[2021-05-28T22:35:59.769] [DEBUG] cheese - login => username:admin,password:123456
[2021-05-28T22:35:59.775] [DEBUG] cheese - admin
[2021-05-28T22:35:59.873] [DEBUG] cheese - null
[2021-05-28T22:35:59.874] [DEBUG] cheese - null
[2021-05-31T13:50:13.011] [DEBUG] cheese - login => username:admin,password:123456
[2021-05-31T13:50:13.013] [DEBUG] cheese - admin
[2021-05-31T13:50:13.088] [DEBUG] cheese - null
[2021-05-31T13:50:13.089] [DEBUG] cheese - null
[2021-05-31T13:56:17.613] [DEBUG] cheese - login => username:admin,password:123456
[2021-05-31T13:56:17.615] [DEBUG] cheese - admin
[2021-05-31T13:56:17.729] [DEBUG] cheese - null
[2021-05-31T13:56:17.730] [DEBUG] cheese - null
[2021-05-31T13:56:43.866] [DEBUG] cheese - login => username:admin,password:123456
[2021-05-31T13:56:43.867] [DEBUG] cheese - admin
[2021-05-31T13:56:43.869] [DEBUG] cheese - null
[2021-05-31T13:56:43.870] [DEBUG] cheese - null
[2021-05-31T14:05:55.811] [DEBUG] cheese - login => username:admin,password:123456
[2021-05-31T14:05:55.813] [DEBUG] cheese - admin
[2021-05-31T14:05:55.820] [DEBUG] cheese - null
[2021-05-31T14:05:55.820] [DEBUG] cheese - null
